.
./deploy.py
./index.html
./source
./source/assets
./source/assets/js
./source/assets/js/breakpoints.min.js
./source/assets/js/jquery.min.js
./source/assets/js/util.js
./source/assets/js/jquery.scrolly.min.js
./source/assets/js/main.js
./source/assets/js/browser.min.js
./source/assets/sass
./source/assets/sass/lib
./source/assets/sass/lib/memnYaGs126MiZpBA-UFUKWyV9hrIqY.ttf
./source/assets/sass/lib/mem5YaGs126MiZpBA-UNirkOUuhs.ttf
./source/assets/sass/lib/mem5YaGs126MiZpBA-UN_r8OUuhs.ttf
./source/assets/sass/lib/memnYaGs126MiZpBA-UFUKXGUdhrIqY.ttf
./source/assets/sass/lib/mem5YaGs126MiZpBA-UN7rgOUuhs.ttf
./source/assets/sass/lib/opensans
./source/assets/sass/main.scss
./source/assets/sass/libs
./source/assets/sass/libs/_mixins.scss
./source/assets/sass/libs/_functions.scss
./source/assets/sass/libs/_vars.scss
./source/assets/sass/libs/_breakpoints.scss
./source/assets/sass/libs/_html-grid.scss
./source/assets/sass/libs/_vendor.scss
./source/assets/css
./source/assets/css/lib
./source/assets/css/lib/memnYaGs126MiZpBA-UFUKWyV9hrIqY.ttf
./source/assets/css/lib/mem5YaGs126MiZpBA-UNirkOUuhs.ttf
./source/assets/css/lib/mem5YaGs126MiZpBA-UN_r8OUuhs.ttf
./source/assets/css/lib/memnYaGs126MiZpBA-UFUKXGUdhrIqY.ttf
./source/assets/css/lib/mem5YaGs126MiZpBA-UN7rgOUuhs.ttf
./source/assets/css/lib/opensans
./source/assets/css/images
./source/assets/css/images/ie
./source/assets/css/images/ie/grad0-20.svg
./source/assets/css/images/bg.png
./source/assets/css/images/bg.png~
./source/assets/css/fontawesome-all.min.css
./source/assets/css/main.css
./source/assets/webfonts
./source/assets/webfonts/fa-regular-400.svg
./source/assets/webfonts/fa-regular-400.ttf
./source/assets/webfonts/fa-brands-400.eot
./source/assets/webfonts/fa-solid-900.eot
./source/assets/webfonts/fa-solid-900.svg
./source/assets/webfonts/fa-brands-400.woff
./source/assets/webfonts/fa-brands-400.svg
./source/assets/webfonts/fa-solid-900.woff
./source/assets/webfonts/fa-regular-400.woff2
./source/assets/webfonts/fa-solid-900.woff2
./source/assets/webfonts/fa-regular-400.eot
./source/assets/webfonts/fa-solid-900.ttf
./source/assets/webfonts/fa-brands-400.ttf
./source/assets/webfonts/fa-regular-400.woff
./source/assets/webfonts/fa-brands-400.woff2
./source/favicon
./source/favicon/favicon-16x16.png
./source/favicon/browserconfig.xml
./source/favicon/favicon.ico
./source/favicon/mstile-150x150.png
./source/favicon/android-chrome-192x192.png
./source/favicon/site.webmanifest
./source/favicon/apple-touch-icon.png
./source/favicon/safari-pinned-tab.svg
./source/favicon/favicon-32x32.png
./source/images
./source/images/pic06.jpg
./source/images/pic00.jpg
./source/images/pic02.jpg
./source/images/pic03.jpg
./source/images/pic05.jpg
./source/images/pic04.jpg
./source/images/pic01.jpg
./source/index.html
./find.log
./files
./files/README.md
./files/index.html
./files/2021-10-06 22-29-06屏幕截图.png
